c:\users\bergj\documents\visual studio 2015\projects\shadows_spider (71)\shadows_spider\x64\debug\vc140.pdb
c:\users\bergj\documents\visual studio 2015\projects\shadows_spider (71)\shadows_spider\x64\debug\vc140.idb
c:\users\bergj\documents\visual studio 2015\projects\shadows_spider (71)\shadows_spider\x64\debug\gl_render.obj
c:\users\bergj\documents\visual studio 2015\projects\shadows_spider (71)\shadows_spider\x64\debug\main.obj
c:\users\bergj\documents\visual studio 2015\projects\shadows_spider (71)\shadows_spider\x64\debug\input.obj
c:\users\bergj\documents\visual studio 2015\projects\shadows_spider (71)\shadows_spider\x64\debug\object.obj
c:\users\bergj\documents\visual studio 2015\projects\shadows_spider (71)\shadows_spider\x64\debug\setup_obj.obj
c:\users\bergj\documents\visual studio 2015\projects\shadows_spider (71)\shadows_spider\x64\debug\setup_texshaders.obj
c:\users\bergj\documents\visual studio 2015\projects\shadows_spider (71)\shadows_spider\x64\debug\stringmanip.obj
c:\users\bergj\documents\visual studio 2015\projects\shadows_spider (71)\x64\debug\shadows_spider.ilk
c:\users\bergj\documents\visual studio 2015\projects\shadows_spider (71)\x64\debug\shadows_spider.exe
c:\users\bergj\documents\visual studio 2015\projects\shadows_spider (71)\x64\debug\shadows_spider.pdb
c:\users\bergj\documents\visual studio 2015\projects\shadows_spider (71)\shadows_spider\x64\debug\winicon.res
c:\users\bergj\documents\visual studio 2015\projects\shadows_spider\shadows_spider\x64\debug\gl_render.obj
c:\users\bergj\documents\visual studio 2015\projects\shadows_spider\shadows_spider\x64\debug\input.obj
c:\users\bergj\documents\visual studio 2015\projects\shadows_spider\shadows_spider\x64\debug\main.obj
c:\users\bergj\documents\visual studio 2015\projects\shadows_spider\shadows_spider\x64\debug\object.obj
c:\users\bergj\documents\visual studio 2015\projects\shadows_spider\shadows_spider\x64\debug\setup_obj.obj
c:\users\bergj\documents\visual studio 2015\projects\shadows_spider\shadows_spider\x64\debug\setup_texshaders.obj
c:\users\bergj\documents\visual studio 2015\projects\shadows_spider\shadows_spider\x64\debug\stringmanip.obj
c:\users\bergj\documents\visual studio 2015\projects\shadows_spider\shadows_spider\x64\debug\winicon.res
c:\users\bergj\documents\visual studio 2015\projects\shadows_spider\shadows_spider\x64\debug\vc140.idb
c:\users\bergj\documents\visual studio 2015\projects\shadows_spider\shadows_spider\x64\debug\vc140.pdb
c:\users\bergj\documents\visual studio 2015\projects\shadows_spider\x64\debug\shadows_spider.pdb
c:\users\bergj\documents\visual studio 2015\projects\shadows_spider\x64\debug\shadows_spider.exe
c:\users\bergj\documents\visual studio 2015\projects\shadows_spider\x64\debug\shadows_spider.ilk
c:\users\bergj\documents\visual studio 2015\projects\shadows_spider\shadows_spider\x64\debug\shadows_spider.tlog\cl.command.1.tlog
c:\users\bergj\documents\visual studio 2015\projects\shadows_spider\shadows_spider\x64\debug\shadows_spider.tlog\cl.read.1.tlog
c:\users\bergj\documents\visual studio 2015\projects\shadows_spider\shadows_spider\x64\debug\shadows_spider.tlog\cl.write.1.tlog
c:\users\bergj\documents\visual studio 2015\projects\shadows_spider\shadows_spider\x64\debug\shadows_spider.tlog\link.command.1.tlog
c:\users\bergj\documents\visual studio 2015\projects\shadows_spider\shadows_spider\x64\debug\shadows_spider.tlog\link.read.1.tlog
c:\users\bergj\documents\visual studio 2015\projects\shadows_spider\shadows_spider\x64\debug\shadows_spider.tlog\link.write.1.tlog
c:\users\bergj\documents\visual studio 2015\projects\shadows_spider\shadows_spider\x64\debug\shadows_spider.tlog\rc.command.1.tlog
c:\users\bergj\documents\visual studio 2015\projects\shadows_spider\shadows_spider\x64\debug\shadows_spider.tlog\rc.read.1.tlog
c:\users\bergj\documents\visual studio 2015\projects\shadows_spider\shadows_spider\x64\debug\shadows_spider.tlog\rc.write.1.tlog
