c:\users\bergj\documents\visual studio 2015\projects\shadows_spider\shadows_spider\x64\release\vc140.pdb
c:\users\bergj\documents\visual studio 2015\projects\shadows_spider\shadows_spider\x64\release\main.obj
c:\users\bergj\documents\visual studio 2015\projects\shadows_spider\shadows_spider\x64\release\frustumcull.obj
c:\users\bergj\documents\visual studio 2015\projects\shadows_spider\shadows_spider\x64\release\stringmanip.obj
c:\users\bergj\documents\visual studio 2015\projects\shadows_spider\shadows_spider\x64\release\setup_texshaders.obj
c:\users\bergj\documents\visual studio 2015\projects\shadows_spider\shadows_spider\x64\release\setup_obj.obj
c:\users\bergj\documents\visual studio 2015\projects\shadows_spider\shadows_spider\x64\release\object.obj
c:\users\bergj\documents\visual studio 2015\projects\shadows_spider\shadows_spider\x64\release\input.obj
c:\users\bergj\documents\visual studio 2015\projects\shadows_spider\shadows_spider\x64\release\gl_render.obj
c:\users\bergj\documents\visual studio 2015\projects\shadows_spider\x64\release\shadows_spider.exe
c:\users\bergj\documents\visual studio 2015\projects\shadows_spider\x64\release\shadows_spider.ipdb
c:\users\bergj\documents\visual studio 2015\projects\shadows_spider\x64\release\shadows_spider.iobj
c:\users\bergj\documents\visual studio 2015\projects\shadows_spider\shadows_spider\x64\release\winicon.res
c:\users\bergj\documents\visual studio 2015\projects\shadows_spider\shadows_spider\x64\release\shadows_spider.tlog\cl.command.1.tlog
c:\users\bergj\documents\visual studio 2015\projects\shadows_spider\shadows_spider\x64\release\shadows_spider.tlog\cl.read.1.tlog
c:\users\bergj\documents\visual studio 2015\projects\shadows_spider\shadows_spider\x64\release\shadows_spider.tlog\cl.write.1.tlog
c:\users\bergj\documents\visual studio 2015\projects\shadows_spider\shadows_spider\x64\release\shadows_spider.tlog\link.command.1.tlog
c:\users\bergj\documents\visual studio 2015\projects\shadows_spider\shadows_spider\x64\release\shadows_spider.tlog\link.read.1.tlog
c:\users\bergj\documents\visual studio 2015\projects\shadows_spider\shadows_spider\x64\release\shadows_spider.tlog\link.write.1.tlog
c:\users\bergj\documents\visual studio 2015\projects\shadows_spider\shadows_spider\x64\release\shadows_spider.tlog\rc.command.1.tlog
c:\users\bergj\documents\visual studio 2015\projects\shadows_spider\shadows_spider\x64\release\shadows_spider.tlog\rc.read.1.tlog
c:\users\bergj\documents\visual studio 2015\projects\shadows_spider\shadows_spider\x64\release\shadows_spider.tlog\rc.write.1.tlog
